2019-12-07 15:13:34 INFO  PlayerDTO:29 - Message is received. Program will continue. The message message1
2019-12-07 15:13:34 INFO  PlayerDTO:29 - Message is received. Program will continue. The message second message2
2019-12-07 15:13:34 INFO  PlayerDTO:29 - Message is received. Program will continue. The message third message3
2019-12-07 15:13:34 INFO  PlayerDTO:29 - Message is received. Program will continue. The message fourth message4
2019-12-07 15:13:34 INFO  PlayerDTO:29 - Message is received. Program will continue. The message fifth message5
2019-12-07 15:13:34 INFO  PlayerDTO:29 - Message is received. Program will continue. The message sixth message6
2019-12-07 15:13:34 INFO  PlayerDTO:29 - Message is received. Program will continue. The message seventh message7
2019-12-07 15:13:34 INFO  PlayerDTO:29 - Message is received. Program will continue. The message eight message8
2019-12-07 15:13:34 INFO  PlayerDTO:29 - Message is received. Program will continue. The message nineth message9
2019-12-07 15:13:34 INFO  PlayerDTO:26 - 10 messages received. Program will exit now.
2019-12-08 16:43:52 INFO  PlayerDTO:29 - Message is received. Program will continue. The message message1
2019-12-08 16:43:52 INFO  PlayerDTO:29 - Message is received. Program will continue. The message second message2
2019-12-08 16:43:52 INFO  PlayerDTO:29 - Message is received. Program will continue. The message third message3
2019-12-08 16:43:52 INFO  PlayerDTO:29 - Message is received. Program will continue. The message fourth message4
2019-12-08 16:43:52 INFO  PlayerDTO:29 - Message is received. Program will continue. The message fifth message5
2019-12-08 16:43:52 INFO  PlayerDTO:29 - Message is received. Program will continue. The message sixth message6
2019-12-08 16:43:52 INFO  PlayerDTO:29 - Message is received. Program will continue. The message seventh message7
2019-12-08 16:43:52 INFO  PlayerDTO:29 - Message is received. Program will continue. The message eight message8
2019-12-08 16:43:52 INFO  PlayerDTO:29 - Message is received. Program will continue. The message nineth message9
2019-12-08 16:43:52 INFO  PlayerDTO:26 - 10 messages received. Program will exit now.
2019-12-08 16:46:23 INFO  PlayerDTO:29 - Message is received. Program will continue. The message message1
2019-12-08 16:46:23 INFO  PlayerDTO:29 - Message is received. Program will continue. The message second message2
2019-12-08 16:46:23 INFO  PlayerDTO:29 - Message is received. Program will continue. The message third message3
2019-12-08 16:46:23 INFO  PlayerDTO:29 - Message is received. Program will continue. The message fourth message4
2019-12-08 16:46:23 INFO  PlayerDTO:29 - Message is received. Program will continue. The message fifth message5
2019-12-08 16:46:23 INFO  PlayerDTO:29 - Message is received. Program will continue. The message sixth message6
2019-12-08 16:46:23 INFO  PlayerDTO:29 - Message is received. Program will continue. The message seventh message7
2019-12-08 16:46:23 INFO  PlayerDTO:29 - Message is received. Program will continue. The message eight message8
2019-12-08 16:46:23 INFO  PlayerDTO:29 - Message is received. Program will continue. The message nineth message9
2019-12-08 16:46:23 INFO  PlayerDTO:26 - 10 messages received. Program will exit now.
